Date: 2022-05-04 14:33:03. Properties have been successfully added
Date: 2022-05-04 14:34:03. Properties have been successfully added
Date: 2022-05-04 14:35:03. Properties have been successfully added
Date: 2022-05-04 14:36:03. Properties have been successfully added
Date: 2022-05-04 14:37:03. Properties have been successfully added
Date: 2022-05-04 14:38:04. Properties have been successfully added
Date: 2022-05-04 14:39:03. Properties have been successfully added
Date: 2022-05-04 14:40:03. Properties have been successfully added
Date: 2022-05-04 14:41:04. Properties have been successfully added
Date: 2022-05-04 14:42:03. Properties have been successfully added
Date: 2022-05-04 14:43:03. Properties have been successfully added
Date: 2022-05-04 14:44:04. Properties have been successfully added
Date: 2022-05-04 14:45:04. Properties have been successfully added
Date: 2022-05-04 14:46:03. Properties have been successfully added
Date: 2022-05-04 14:47:03. Properties have been successfully added
Date: 2022-05-06 11:16:04. Properties have been successfully added
Date: 2022-05-06 11:17:03. Properties have been successfully added
Date: 2022-05-06 11:18:03. Properties have been successfully added
Date: 2022-05-06 11:19:03. Properties have been successfully added
Date: 2022-05-06 11:20:03. Properties have been successfully added
Date: 2022-05-06 11:21:04. Properties have been successfully added
Date: 2022-05-06 11:22:03. Properties have been successfully added
Date: 2022-05-06 11:23:04. Properties have been successfully added
API: Brickstwente. Total properties: 14. Date: 2022-05-20 13:33:01. Message: Properties have been successfully added
API: Test. Total properties: 287. Date: 2022-05-23 15:00:32. Message: Properties have been successfully added
API: Test. Total properties: 287. Date: 2022-05-23 15:30:03. Message: Properties have been successfully added
API: Test. Total properties: 574. Date: 2022-05-23 15:45:03. Message: Properties have been successfully added
API: Test. Total properties: 861. Date: 2022-05-23 16:00:02. Message: Properties have been successfully added
API: Test. Total properties: 1148. Date: 2022-05-23 16:15:03. Message: Properties have been successfully added
API: Test. Total properties: 1435. Date: 2022-05-23 16:30:03. Message: Properties have been successfully added
API: Test. Total properties: 1722. Date: 2022-05-23 16:45:02. Message: Properties have been successfully added
API: Test. Total properties: 2009. Date: 2022-05-23 17:00:03. Message: Properties have been successfully added
---------------------------------------------------------------------------------------------------------------
API: Schedule. Total properties: 0. Date: 2022-05-27 11:45:01. Error: b1f650f3-e496-4340-8a7e-6736c368cbc3.zip has not been created
API: Schedule. Total properties: 0. Date: 2022-05-27 12:00:01. Error: b1f650f3-e496-4340-8a7e-6736c368cbc3.zip has not been created
API: Schedule. Total properties: 0. Date: 2022-05-27 12:15:01. Error: b1f650f3-e496-4340-8a7e-6736c368cbc3.zip has not been created
---------------------------------------------------------------------------------------------------------------
API: Schedule. Total properties: 21. Date: 2022-06-07 10:28:05. Info: Properties have been successfully added
---------------------------------------------------------------------------------------------------------------
New: Properties have been successfully created. Total properties: 21. Date: 2022-06-07 16:15:31.
Message: Broker and properties have been created. API: b1f650f3-e496-4340-8a7e-6736c368cbc3. Total properties: 21. Date: 2022-06-10 17:30:06.
Message: Broker and properties have been created. API: b1f650f3-e496-4340-8a7e-6736c368cbc3. Total properties: 21. Date: 2022-06-10 17:45:06.